<?xml version="1.0" encoding="UTF-8"?>
<TestRun id="80c811b4-3bf6-4529-83ac-236766d06961" name="pro_@PRO 2010-09-23 22:16:00" runUser="pro\pro_" xmlns="http://microsoft.com/schemas/VisualStudio/TeamTest/2010">
  <TestSettings name="Local" id="cdfb2c4f-e331-42cf-9420-dc0558696af6">
    <Description>These are default test settings for a local test run.</Description>
    <Deployment enabled="false" runDeploymentRoot="pro__PRO 2010-09-23 22_16_00">
      <DeploymentItem filename="C:\Users\pro_\Desktop\JobPortal\Logic\bin\Debug\Logic.dll" />
    </Deployment>
    <Execution>
      <TestTypeSpecific />
      <AgentRule name="Execution Agents">
      </AgentRule>
    </Execution>
  </TestSettings>
  <Times creation="2010-09-23T22:16:00.7783661+03:00" queuing="2010-09-23T22:16:00.7933669+03:00" start="2010-09-23T22:16:00.8513702+03:00" finish="2010-09-23T22:16:01.8084250+03:00" />
  <ResultSummary outcome="Failed">
    <Counters total="6" executed="5" passed="4" error="0" failed="1" timeout="0" aborted="0" inconclusive="0" passedButRunAborted="0" notRunnable="1" notExecuted="0" disconnected="0" warning="0" completed="0" inProgress="0" pending="0" />
  </ResultSummary>
  <TestDefinitions>
    <UnitTest name="CreateCompanyTest" storage="c:\users\pro_\desktop\jobportal\tests\bin\debug\tests.dll" id="d9a4d60e-041a-487e-1772-3a03a9248a3a">
      <Execution id="3b20818f-1050-4274-9122-46874e2ac02f" />
      <TestMethod codeBase="C:/Users/pro_/Desktop/JobPortal/Tests/bin/Debug/Tests.DLL" adapterTypeName="Microsoft.VisualStudio.TestTools.TestTypes.Unit.UnitTestAdapter, Microsoft.VisualStudio.QualityTools.Tips.UnitTest.Adapter, Version=10.0.0.0, Culture=neutral, PublicKeyToken=b03f5f7f11d50a3a" className="Tests.CompanyManagerTests, Tests, Version=1.0.0.0, Culture=neutral, PublicKeyToken=null" name="CreateCompanyTest" />
    </UnitTest>
    <UnitTest name="GetCompaniesTest" storage="c:\users\pro_\desktop\jobportal\tests\bin\debug\tests.dll" id="0f3b4bf9-6562-b248-ed29-f506a1a85e4c">
      <Execution id="313f7bd4-bee9-4aaf-bb43-9b5285a50b41" />
      <TestMethod codeBase="C:/Users/pro_/Desktop/JobPortal/Tests/bin/Debug/Tests.DLL" adapterTypeName="Microsoft.VisualStudio.TestTools.TestTypes.Unit.UnitTestAdapter, Microsoft.VisualStudio.QualityTools.Tips.UnitTest.Adapter, Version=10.0.0.0, Culture=neutral, PublicKeyToken=b03f5f7f11d50a3a" className="Tests.CompanyManagerTests, Tests, Version=1.0.0.0, Culture=neutral, PublicKeyToken=null" name="GetCompaniesTest" />
    </UnitTest>
    <UnitTest name="CreateVacancyTest" storage="c:\users\pro_\desktop\jobportal\tests\bin\debug\tests.dll" id="2775a6ff-e8b5-4fa1-6481-3cd277ef4c53">
      <Execution id="92a07563-08c1-4a8d-baea-497cf980d512" />
      <TestMethod codeBase="C:/Users/pro_/Desktop/JobPortal/Tests/bin/Debug/Tests.DLL" adapterTypeName="Microsoft.VisualStudio.TestTools.TestTypes.Unit.UnitTestAdapter, Microsoft.VisualStudio.QualityTools.Tips.UnitTest.Adapter, Version=10.0.0.0, Culture=neutral, PublicKeyToken=b03f5f7f11d50a3a" className="Tests.CompanyManagerTests, Tests, Version=1.0.0.0, Culture=neutral, PublicKeyToken=null" name="CreateVacancyTest" />
    </UnitTest>
    <UnitTest name="CreateVacancyEditTest" storage="c:\users\pro_\desktop\jobportal\tests\bin\debug\tests.dll" id="6e62afdc-280b-d45f-7fa8-ab8312046754">
      <Execution id="366b94d2-7068-44af-8a85-db18c8b6be1f" />
      <TestMethod codeBase="C:/Users/pro_/Desktop/JobPortal/Tests/bin/Debug/Tests.DLL" adapterTypeName="Microsoft.VisualStudio.TestTools.TestTypes.Unit.UnitTestAdapter, Microsoft.VisualStudio.QualityTools.Tips.UnitTest.Adapter, Version=10.0.0.0, Culture=neutral, PublicKeyToken=b03f5f7f11d50a3a" className="Tests.CompanyManagerTests, Tests, Version=1.0.0.0, Culture=neutral, PublicKeyToken=null" name="CreateVacancyEditTest" />
    </UnitTest>
    <UnitTest name="DeleteVacancyTest" storage="c:\users\pro_\desktop\jobportal\tests\bin\debug\tests.dll" id="af809567-5bd7-f265-fe53-5308b5410e4c">
      <Execution id="4a0d2d4e-0997-406b-9177-fa98d49e3e51" />
      <TestMethod codeBase="C:/Users/pro_/Desktop/JobPortal/Tests/bin/Debug/Tests.DLL" adapterTypeName="Microsoft.VisualStudio.TestTools.TestTypes.Unit.UnitTestAdapter, Microsoft.VisualStudio.QualityTools.Tips.UnitTest.Adapter, Version=10.0.0.0, Culture=neutral, PublicKeyToken=b03f5f7f11d50a3a" className="Tests.CompanyManagerTests, Tests, Version=1.0.0.0, Culture=neutral, PublicKeyToken=null" name="DeleteVacancyTest" />
    </UnitTest>
    <UnitTest name="CanCreateCompanyManagerTest" storage="c:\users\pro_\desktop\jobportal\tests\bin\debug\tests.dll" id="5fc830a2-71bb-887a-cc87-9b91ebbfb60a">
      <Execution id="7f776281-63e7-4509-be40-6fe6f31159b7" />
      <TestMethod codeBase="C:/Users/pro_/Desktop/JobPortal/Tests/bin/Debug/Tests.DLL" adapterTypeName="Microsoft.VisualStudio.TestTools.TestTypes.Unit.UnitTestAdapter, Microsoft.VisualStudio.QualityTools.Tips.UnitTest.Adapter, Version=10.0.0.0, Culture=neutral, PublicKeyToken=b03f5f7f11d50a3a" className="Tests.CompanyManagerTests, Tests, Version=1.0.0.0, Culture=neutral, PublicKeyToken=null" name="CanCreateCompanyManagerTest" />
    </UnitTest>
  </TestDefinitions>
  <TestLists>
    <TestList name="Results Not in a List" id="8c84fa94-04c1-424b-9868-57a2d4851a1d" />
    <TestList name="All Loaded Results" id="19431567-8539-422a-85d7-44ee4e166bda" />
  </TestLists>
  <TestEntries>
    <TestEntry testId="0f3b4bf9-6562-b248-ed29-f506a1a85e4c" executionId="313f7bd4-bee9-4aaf-bb43-9b5285a50b41" testListId="8c84fa94-04c1-424b-9868-57a2d4851a1d" />
    <TestEntry testId="2775a6ff-e8b5-4fa1-6481-3cd277ef4c53" executionId="92a07563-08c1-4a8d-baea-497cf980d512" testListId="8c84fa94-04c1-424b-9868-57a2d4851a1d" />
    <TestEntry testId="5fc830a2-71bb-887a-cc87-9b91ebbfb60a" executionId="7f776281-63e7-4509-be40-6fe6f31159b7" testListId="8c84fa94-04c1-424b-9868-57a2d4851a1d" />
    <TestEntry testId="6e62afdc-280b-d45f-7fa8-ab8312046754" executionId="366b94d2-7068-44af-8a85-db18c8b6be1f" testListId="8c84fa94-04c1-424b-9868-57a2d4851a1d" />
    <TestEntry testId="af809567-5bd7-f265-fe53-5308b5410e4c" executionId="4a0d2d4e-0997-406b-9177-fa98d49e3e51" testListId="8c84fa94-04c1-424b-9868-57a2d4851a1d" />
    <TestEntry testId="d9a4d60e-041a-487e-1772-3a03a9248a3a" executionId="3b20818f-1050-4274-9122-46874e2ac02f" testListId="8c84fa94-04c1-424b-9868-57a2d4851a1d" />
  </TestEntries>
  <Results>
    <UnitTestResult executionId="313f7bd4-bee9-4aaf-bb43-9b5285a50b41" testId="0f3b4bf9-6562-b248-ed29-f506a1a85e4c" testName="GetCompaniesTest" computerName="PRO" duration="00:00:00.1393478" startTime="2010-09-23T22:16:00.9263745+03:00" endTime="2010-09-23T22:16:01.3964014+03:00" testType="13cdc9d9-ddb5-4fa4-a97d-d965ccfc6d4b" outcome="Passed" testListId="8c84fa94-04c1-424b-9868-57a2d4851a1d" relativeResultsDirectory="313f7bd4-bee9-4aaf-bb43-9b5285a50b41">
    </UnitTestResult>
    <UnitTestResult executionId="92a07563-08c1-4a8d-baea-497cf980d512" testId="2775a6ff-e8b5-4fa1-6481-3cd277ef4c53" testName="CreateVacancyTest" computerName="PRO" duration="00:00:00.1267771" startTime="2010-09-23T22:16:01.4164025+03:00" endTime="2010-09-23T22:16:01.5774118+03:00" testType="13cdc9d9-ddb5-4fa4-a97d-d965ccfc6d4b" outcome="Passed" testListId="8c84fa94-04c1-424b-9868-57a2d4851a1d" relativeResultsDirectory="92a07563-08c1-4a8d-baea-497cf980d512">
    </UnitTestResult>
    <UnitTestResult executionId="7f776281-63e7-4509-be40-6fe6f31159b7" testId="5fc830a2-71bb-887a-cc87-9b91ebbfb60a" testName="CanCreateCompanyManagerTest" computerName="PRO" duration="00:00:00.0002155" startTime="2010-09-23T22:16:01.5974129+03:00" endTime="2010-09-23T22:16:01.6074135+03:00" testType="13cdc9d9-ddb5-4fa4-a97d-d965ccfc6d4b" outcome="Passed" testListId="8c84fa94-04c1-424b-9868-57a2d4851a1d" relativeResultsDirectory="7f776281-63e7-4509-be40-6fe6f31159b7">
    </UnitTestResult>
    <UnitTestResult executionId="366b94d2-7068-44af-8a85-db18c8b6be1f" testId="6e62afdc-280b-d45f-7fa8-ab8312046754" testName="CreateVacancyEditTest" computerName="PRO" duration="00:00:00.0985401" startTime="2010-09-23T22:16:01.6124138+03:00" endTime="2010-09-23T22:16:01.7164197+03:00" testType="13cdc9d9-ddb5-4fa4-a97d-d965ccfc6d4b" outcome="Passed" testListId="8c84fa94-04c1-424b-9868-57a2d4851a1d" relativeResultsDirectory="366b94d2-7068-44af-8a85-db18c8b6be1f">
    </UnitTestResult>
    <UnitTestResult executionId="4a0d2d4e-0997-406b-9177-fa98d49e3e51" testId="af809567-5bd7-f265-fe53-5308b5410e4c" testName="DeleteVacancyTest" computerName="PRO" testType="13cdc9d9-ddb5-4fa4-a97d-d965ccfc6d4b" outcome="NotRunnable" testListId="8c84fa94-04c1-424b-9868-57a2d4851a1d" relativeResultsDirectory="4a0d2d4e-0997-406b-9177-fa98d49e3e51">
      <Output>
        <ErrorInfo>
          <Message>UTA007: Method DeleteVacancyTest defined in class Tests.CompanyManagerTests does not have correct signature. Test method marked with the [TestMethod] attribute must be non-static, public, does not return a value and should not take any parameter. for example: public void Test.Class1.Test().</Message>
        </ErrorInfo>
      </Output>
    </UnitTestResult>
    <UnitTestResult executionId="3b20818f-1050-4274-9122-46874e2ac02f" testId="d9a4d60e-041a-487e-1772-3a03a9248a3a" testName="CreateCompanyTest" computerName="PRO" duration="00:00:00.0356836" startTime="2010-09-23T22:16:01.7194199+03:00" endTime="2010-09-23T22:16:01.7654225+03:00" testType="13cdc9d9-ddb5-4fa4-a97d-d965ccfc6d4b" outcome="Failed" testListId="8c84fa94-04c1-424b-9868-57a2d4851a1d" relativeResultsDirectory="3b20818f-1050-4274-9122-46874e2ac02f">
      <Output>
        <ErrorInfo>
          <Message>Test method Tests.CompanyManagerTests.CreateCompanyTest threw exception: 
System.Data.SqlClient.SqlException: Violation of PRIMARY KEY constraint 'PK_Companies'. Cannot insert duplicate key in object 'dbo.Companies'.
The statement has been terminated.</Message>
          <StackTrace>    at System.Data.SqlClient.SqlConnection.OnError(SqlException exception, Boolean breakConnection)
   at System.Data.SqlClient.SqlInternalConnection.OnError(SqlException exception, Boolean breakConnection)
   at System.Data.SqlClient.TdsParser.ThrowExceptionAndWarning()
   at System.Data.SqlClient.TdsParser.Run(RunBehavior runBehavior, SqlCommand cmdHandler, SqlDataReader dataStream, BulkCopySimpleResultSet bulkCopyHandler, TdsParserStateObject stateObj)
   at System.Data.SqlClient.SqlCommand.FinishExecuteReader(SqlDataReader ds, RunBehavior runBehavior, String resetOptionsString)
   at System.Data.SqlClient.SqlCommand.RunExecuteReaderTds(CommandBehavior cmdBehavior, RunBehavior runBehavior, Boolean returnStream, Boolean async)
   at System.Data.SqlClient.SqlCommand.RunExecuteReader(CommandBehavior cmdBehavior, RunBehavior runBehavior, Boolean returnStream, String method, DbAsyncResult result)
   at System.Data.SqlClient.SqlCommand.InternalExecuteNonQuery(DbAsyncResult result, String methodName, Boolean sendToPipe)
   at System.Data.SqlClient.SqlCommand.ExecuteNonQuery()
   at System.Data.Linq.SqlClient.SqlProvider.Execute(Expression query, QueryInfo queryInfo, IObjectReaderFactory factory, Object[] parentArgs, Object[] userArgs, ICompiledSubQuery[] subQueries, Object lastResult)
   at System.Data.Linq.SqlClient.SqlProvider.ExecuteAll(Expression query, QueryInfo[] queryInfos, IObjectReaderFactory factory, Object[] userArguments, ICompiledSubQuery[] subQueries)
   at System.Data.Linq.SqlClient.SqlProvider.System.Data.Linq.Provider.IProvider.Execute(Expression query)
   at System.Data.Linq.ChangeDirector.StandardChangeDirector.DynamicInsert(TrackedObject item)
   at System.Data.Linq.ChangeDirector.StandardChangeDirector.Insert(TrackedObject item)
   at System.Data.Linq.ChangeProcessor.SubmitChanges(ConflictMode failureMode)
   at System.Data.Linq.DataContext.SubmitChanges(ConflictMode failureMode)
   at System.Data.Linq.DataContext.SubmitChanges()
   at Logic.DAL.CompanyManager.CreateCompany(Company company) in C:\Users\pro_\Desktop\JobPortal\Logic\DAL\CompanyManager.cs:line 25
   at Tests.CompanyManagerTests.CreateCompanyTest() in C:\Users\pro_\Desktop\JobPortal\Tests\CompanyManagerTests.cs:line 80
</StackTrace>
        </ErrorInfo>
      </Output>
    </UnitTestResult>
  </Results>
</TestRun>