<?xml version="1.0" encoding="UTF-8"?>
<TestRun id="3a48f7b7-2d78-4237-b50b-ba462e117372" name="pro_@PRO 2010-09-23 21:35:46" runUser="pro\pro_" xmlns="http://microsoft.com/schemas/VisualStudio/TeamTest/2010">
  <TestSettings name="Local" id="cdfb2c4f-e331-42cf-9420-dc0558696af6">
    <Description>These are default test settings for a local test run.</Description>
    <Deployment enabled="false" runDeploymentRoot="pro__PRO 2010-09-23 21_35_46">
      <DeploymentItem filename="C:\Users\pro_\Desktop\JobPortal\Logic\bin\Debug\Logic.dll" />
    </Deployment>
    <Execution>
      <TestTypeSpecific />
      <AgentRule name="Execution Agents">
      </AgentRule>
    </Execution>
  </TestSettings>
  <Times creation="2010-09-23T21:35:46.1632580+03:00" queuing="2010-09-23T21:35:46.1732585+03:00" start="2010-09-23T21:35:46.1912596+03:00" finish="2010-09-23T21:35:47.4003287+03:00" />
  <ResultSummary outcome="Failed">
    <Counters total="5" executed="5" passed="3" error="0" failed="2" timeout="0" aborted="0" inconclusive="0" passedButRunAborted="0" notRunnable="0" notExecuted="0" disconnected="0" warning="0" completed="0" inProgress="0" pending="0" />
  </ResultSummary>
  <TestDefinitions>
    <UnitTest name="CreateCompanyTest" storage="c:\users\pro_\desktop\jobportal\tests\bin\debug\tests.dll" id="d9a4d60e-041a-487e-1772-3a03a9248a3a">
      <Execution id="92c8b656-6199-432c-b054-9705995d4ee3" />
      <TestMethod codeBase="C:/Users/pro_/Desktop/JobPortal/Tests/bin/Debug/Tests.DLL" adapterTypeName="Microsoft.VisualStudio.TestTools.TestTypes.Unit.UnitTestAdapter, Microsoft.VisualStudio.QualityTools.Tips.UnitTest.Adapter, Version=10.0.0.0, Culture=neutral, PublicKeyToken=b03f5f7f11d50a3a" className="Tests.CompanyManagerTests, Tests, Version=1.0.0.0, Culture=neutral, PublicKeyToken=null" name="CreateCompanyTest" />
    </UnitTest>
    <UnitTest name="GetCompaniesTest" storage="c:\users\pro_\desktop\jobportal\tests\bin\debug\tests.dll" id="0f3b4bf9-6562-b248-ed29-f506a1a85e4c">
      <Execution id="835fe2af-1650-4773-ba15-ef9adb20d20c" />
      <TestMethod codeBase="C:/Users/pro_/Desktop/JobPortal/Tests/bin/Debug/Tests.DLL" adapterTypeName="Microsoft.VisualStudio.TestTools.TestTypes.Unit.UnitTestAdapter, Microsoft.VisualStudio.QualityTools.Tips.UnitTest.Adapter, Version=10.0.0.0, Culture=neutral, PublicKeyToken=b03f5f7f11d50a3a" className="Tests.CompanyManagerTests, Tests, Version=1.0.0.0, Culture=neutral, PublicKeyToken=null" name="GetCompaniesTest" />
    </UnitTest>
    <UnitTest name="CanCreateCompanyManagerTest" storage="c:\users\pro_\desktop\jobportal\tests\bin\debug\tests.dll" id="5fc830a2-71bb-887a-cc87-9b91ebbfb60a">
      <Execution id="e6b450c8-2248-4783-a8f1-b7c4065004c8" />
      <TestMethod codeBase="C:/Users/pro_/Desktop/JobPortal/Tests/bin/Debug/Tests.DLL" adapterTypeName="Microsoft.VisualStudio.TestTools.TestTypes.Unit.UnitTestAdapter, Microsoft.VisualStudio.QualityTools.Tips.UnitTest.Adapter, Version=10.0.0.0, Culture=neutral, PublicKeyToken=b03f5f7f11d50a3a" className="Tests.CompanyManagerTests, Tests, Version=1.0.0.0, Culture=neutral, PublicKeyToken=null" name="CanCreateCompanyManagerTest" />
    </UnitTest>
    <UnitTest name="CreateVacancyTest" storage="c:\users\pro_\desktop\jobportal\tests\bin\debug\tests.dll" id="2775a6ff-e8b5-4fa1-6481-3cd277ef4c53">
      <Execution id="97f42cab-cfc1-4ca8-8663-157f65183be9" />
      <TestMethod codeBase="C:/Users/pro_/Desktop/JobPortal/Tests/bin/Debug/Tests.DLL" adapterTypeName="Microsoft.VisualStudio.TestTools.TestTypes.Unit.UnitTestAdapter, Microsoft.VisualStudio.QualityTools.Tips.UnitTest.Adapter, Version=10.0.0.0, Culture=neutral, PublicKeyToken=b03f5f7f11d50a3a" className="Tests.CompanyManagerTests, Tests, Version=1.0.0.0, Culture=neutral, PublicKeyToken=null" name="CreateVacancyTest" />
    </UnitTest>
    <UnitTest name="CreateVacancyEditTest" storage="c:\users\pro_\desktop\jobportal\tests\bin\debug\tests.dll" id="6e62afdc-280b-d45f-7fa8-ab8312046754">
      <Execution id="dca01894-1036-414d-887a-cf8e6b71dbf5" />
      <TestMethod codeBase="C:/Users/pro_/Desktop/JobPortal/Tests/bin/Debug/Tests.DLL" adapterTypeName="Microsoft.VisualStudio.TestTools.TestTypes.Unit.UnitTestAdapter, Microsoft.VisualStudio.QualityTools.Tips.UnitTest.Adapter, Version=10.0.0.0, Culture=neutral, PublicKeyToken=b03f5f7f11d50a3a" className="Tests.CompanyManagerTests, Tests, Version=1.0.0.0, Culture=neutral, PublicKeyToken=null" name="CreateVacancyEditTest" />
    </UnitTest>
  </TestDefinitions>
  <TestLists>
    <TestList name="Results Not in a List" id="8c84fa94-04c1-424b-9868-57a2d4851a1d" />
    <TestList name="All Loaded Results" id="19431567-8539-422a-85d7-44ee4e166bda" />
  </TestLists>
  <TestEntries>
    <TestEntry testId="0f3b4bf9-6562-b248-ed29-f506a1a85e4c" executionId="835fe2af-1650-4773-ba15-ef9adb20d20c" testListId="8c84fa94-04c1-424b-9868-57a2d4851a1d" />
    <TestEntry testId="2775a6ff-e8b5-4fa1-6481-3cd277ef4c53" executionId="97f42cab-cfc1-4ca8-8663-157f65183be9" testListId="8c84fa94-04c1-424b-9868-57a2d4851a1d" />
    <TestEntry testId="5fc830a2-71bb-887a-cc87-9b91ebbfb60a" executionId="e6b450c8-2248-4783-a8f1-b7c4065004c8" testListId="8c84fa94-04c1-424b-9868-57a2d4851a1d" />
    <TestEntry testId="6e62afdc-280b-d45f-7fa8-ab8312046754" executionId="dca01894-1036-414d-887a-cf8e6b71dbf5" testListId="8c84fa94-04c1-424b-9868-57a2d4851a1d" />
    <TestEntry testId="d9a4d60e-041a-487e-1772-3a03a9248a3a" executionId="92c8b656-6199-432c-b054-9705995d4ee3" testListId="8c84fa94-04c1-424b-9868-57a2d4851a1d" />
  </TestEntries>
  <Results>
    <UnitTestResult executionId="835fe2af-1650-4773-ba15-ef9adb20d20c" testId="0f3b4bf9-6562-b248-ed29-f506a1a85e4c" testName="GetCompaniesTest" computerName="PRO" duration="00:00:00.1421041" startTime="2010-09-23T21:35:46.2022602+03:00" endTime="2010-09-23T21:35:46.6262845+03:00" testType="13cdc9d9-ddb5-4fa4-a97d-d965ccfc6d4b" outcome="Passed" testListId="8c84fa94-04c1-424b-9868-57a2d4851a1d" relativeResultsDirectory="835fe2af-1650-4773-ba15-ef9adb20d20c">
    </UnitTestResult>
    <UnitTestResult executionId="97f42cab-cfc1-4ca8-8663-157f65183be9" testId="2775a6ff-e8b5-4fa1-6481-3cd277ef4c53" testName="CreateVacancyTest" computerName="PRO" duration="00:00:00.2751207" startTime="2010-09-23T21:35:46.6332849+03:00" endTime="2010-09-23T21:35:46.9183012+03:00" testType="13cdc9d9-ddb5-4fa4-a97d-d965ccfc6d4b" outcome="Passed" testListId="8c84fa94-04c1-424b-9868-57a2d4851a1d" relativeResultsDirectory="97f42cab-cfc1-4ca8-8663-157f65183be9">
    </UnitTestResult>
    <UnitTestResult executionId="e6b450c8-2248-4783-a8f1-b7c4065004c8" testId="5fc830a2-71bb-887a-cc87-9b91ebbfb60a" testName="CanCreateCompanyManagerTest" computerName="PRO" duration="00:00:00.0002381" startTime="2010-09-23T21:35:46.9223014+03:00" endTime="2010-09-23T21:35:46.9353021+03:00" testType="13cdc9d9-ddb5-4fa4-a97d-d965ccfc6d4b" outcome="Passed" testListId="8c84fa94-04c1-424b-9868-57a2d4851a1d" relativeResultsDirectory="e6b450c8-2248-4783-a8f1-b7c4065004c8">
    </UnitTestResult>
    <UnitTestResult executionId="dca01894-1036-414d-887a-cf8e6b71dbf5" testId="6e62afdc-280b-d45f-7fa8-ab8312046754" testName="CreateVacancyEditTest" computerName="PRO" duration="00:00:00.3966075" startTime="2010-09-23T21:35:46.9393024+03:00" endTime="2010-09-23T21:35:47.3423254+03:00" testType="13cdc9d9-ddb5-4fa4-a97d-d965ccfc6d4b" outcome="Failed" testListId="8c84fa94-04c1-424b-9868-57a2d4851a1d" relativeResultsDirectory="dca01894-1036-414d-887a-cf8e6b71dbf5">
      <Output>
        <ErrorInfo>
          <Message>Assert.IsNull failed. </Message>
          <StackTrace>   at Tests.CompanyManagerTests.CreateVacancyEditTest() in C:\Users\pro_\Desktop\JobPortal\Tests\CompanyManagerTests.cs:line 39
</StackTrace>
        </ErrorInfo>
      </Output>
    </UnitTestResult>
    <UnitTestResult executionId="92c8b656-6199-432c-b054-9705995d4ee3" testId="d9a4d60e-041a-487e-1772-3a03a9248a3a" testName="CreateCompanyTest" computerName="PRO" duration="00:00:00.0161646" startTime="2010-09-23T21:35:47.3453256+03:00" endTime="2010-09-23T21:35:47.3713271+03:00" testType="13cdc9d9-ddb5-4fa4-a97d-d965ccfc6d4b" outcome="Failed" testListId="8c84fa94-04c1-424b-9868-57a2d4851a1d" relativeResultsDirectory="92c8b656-6199-432c-b054-9705995d4ee3">
      <Output>
        <ErrorInfo>
          <Message>Test method Tests.CompanyManagerTests.CreateCompanyTest threw exception: 
System.Data.SqlClient.SqlException: Violation of PRIMARY KEY constraint 'PK_Companies'. Cannot insert duplicate key in object 'dbo.Companies'.
The statement has been terminated.</Message>
          <StackTrace>    at System.Data.SqlClient.SqlConnection.OnError(SqlException exception, Boolean breakConnection)
   at System.Data.SqlClient.SqlInternalConnection.OnError(SqlException exception, Boolean breakConnection)
   at System.Data.SqlClient.TdsParser.ThrowExceptionAndWarning()
   at System.Data.SqlClient.TdsParser.Run(RunBehavior runBehavior, SqlCommand cmdHandler, SqlDataReader dataStream, BulkCopySimpleResultSet bulkCopyHandler, TdsParserStateObject stateObj)
   at System.Data.SqlClient.SqlCommand.FinishExecuteReader(SqlDataReader ds, RunBehavior runBehavior, String resetOptionsString)
   at System.Data.SqlClient.SqlCommand.RunExecuteReaderTds(CommandBehavior cmdBehavior, RunBehavior runBehavior, Boolean returnStream, Boolean async)
   at System.Data.SqlClient.SqlCommand.RunExecuteReader(CommandBehavior cmdBehavior, RunBehavior runBehavior, Boolean returnStream, String method, DbAsyncResult result)
   at System.Data.SqlClient.SqlCommand.InternalExecuteNonQuery(DbAsyncResult result, String methodName, Boolean sendToPipe)
   at System.Data.SqlClient.SqlCommand.ExecuteNonQuery()
   at System.Data.Linq.SqlClient.SqlProvider.Execute(Expression query, QueryInfo queryInfo, IObjectReaderFactory factory, Object[] parentArgs, Object[] userArgs, ICompiledSubQuery[] subQueries, Object lastResult)
   at System.Data.Linq.SqlClient.SqlProvider.ExecuteAll(Expression query, QueryInfo[] queryInfos, IObjectReaderFactory factory, Object[] userArguments, ICompiledSubQuery[] subQueries)
   at System.Data.Linq.SqlClient.SqlProvider.System.Data.Linq.Provider.IProvider.Execute(Expression query)
   at System.Data.Linq.ChangeDirector.StandardChangeDirector.DynamicInsert(TrackedObject item)
   at System.Data.Linq.ChangeDirector.StandardChangeDirector.Insert(TrackedObject item)
   at System.Data.Linq.ChangeProcessor.SubmitChanges(ConflictMode failureMode)
   at System.Data.Linq.DataContext.SubmitChanges(ConflictMode failureMode)
   at System.Data.Linq.DataContext.SubmitChanges()
   at Logic.DAL.CompanyManager.CreateCompany(Company company) in C:\Users\pro_\Desktop\JobPortal\Logic\DAL\CompanyManager.cs:line 25
   at Tests.CompanyManagerTests.CreateCompanyTest() in C:\Users\pro_\Desktop\JobPortal\Tests\CompanyManagerTests.cs:line 73
</StackTrace>
        </ErrorInfo>
      </Output>
    </UnitTestResult>
  </Results>
</TestRun>