<?xml version="1.0" encoding="UTF-8"?>
<TestRun id="badb4a96-9f7f-4c7f-9b41-01e7f9479630" name="pro_@PRO 2010-09-27 09:09:47" runUser="pro\pro_" xmlns="http://microsoft.com/schemas/VisualStudio/TeamTest/2010">
  <TestSettings name="Local" id="cdfb2c4f-e331-42cf-9420-dc0558696af6">
    <Description>These are default test settings for a local test run.</Description>
    <Deployment enabled="false" runDeploymentRoot="pro__PRO 2010-09-27 09_09_47">
      <DeploymentItem filename="C:\Users\pro_\Desktop\JobPortal\Logic\bin\Debug\Logic.dll" />
    </Deployment>
    <Execution>
      <TestTypeSpecific />
      <AgentRule name="Execution Agents">
      </AgentRule>
    </Execution>
  </TestSettings>
  <Times creation="2010-09-27T09:09:47.9214845+03:00" queuing="2010-09-27T09:09:47.9304850+03:00" start="2010-09-27T09:09:47.9514862+03:00" finish="2010-09-27T09:09:48.7065294+03:00" />
  <ResultSummary outcome="Failed">
    <Counters total="1" executed="1" error="0" failed="1" timeout="0" aborted="0" inconclusive="0" passedButRunAborted="0" notRunnable="0" notExecuted="0" disconnected="0" warning="0" passed="0" completed="0" inProgress="0" pending="0" />
  </ResultSummary>
  <TestDefinitions>
    <UnitTest name="CreateVacancyTest" storage="c:\users\pro_\desktop\jobportal\tests\bin\debug\tests.dll" id="2775a6ff-e8b5-4fa1-6481-3cd277ef4c53">
      <Execution id="12394e61-c3b8-4219-9a00-a22919d92b37" />
      <TestMethod codeBase="C:/Users/pro_/Desktop/JobPortal/Tests/bin/Debug/Tests.DLL" adapterTypeName="Microsoft.VisualStudio.TestTools.TestTypes.Unit.UnitTestAdapter, Microsoft.VisualStudio.QualityTools.Tips.UnitTest.Adapter, Version=10.0.0.0, Culture=neutral, PublicKeyToken=b03f5f7f11d50a3a" className="Tests.CompanyManagerTests, Tests, Version=1.0.0.0, Culture=neutral, PublicKeyToken=null" name="CreateVacancyTest" />
    </UnitTest>
  </TestDefinitions>
  <TestLists>
    <TestList name="Results Not in a List" id="8c84fa94-04c1-424b-9868-57a2d4851a1d" />
    <TestList name="All Loaded Results" id="19431567-8539-422a-85d7-44ee4e166bda" />
  </TestLists>
  <TestEntries>
    <TestEntry testId="2775a6ff-e8b5-4fa1-6481-3cd277ef4c53" executionId="12394e61-c3b8-4219-9a00-a22919d92b37" testListId="8c84fa94-04c1-424b-9868-57a2d4851a1d" />
  </TestEntries>
  <Results>
    <UnitTestResult executionId="12394e61-c3b8-4219-9a00-a22919d92b37" testId="2775a6ff-e8b5-4fa1-6481-3cd277ef4c53" testName="CreateVacancyTest" computerName="PRO" duration="00:00:00.3560599" startTime="2010-09-27T09:09:47.9904884+03:00" endTime="2010-09-27T09:09:48.6735275+03:00" testType="13cdc9d9-ddb5-4fa4-a97d-d965ccfc6d4b" outcome="Failed" testListId="8c84fa94-04c1-424b-9868-57a2d4851a1d" relativeResultsDirectory="12394e61-c3b8-4219-9a00-a22919d92b37">
      <Output>
        <ErrorInfo>
          <Message>Test method Tests.CompanyManagerTests.CreateVacancyTest threw exception: 
System.Data.SqlClient.SqlException: Cannot insert the value NULL into column 'Name', table 'jobportal.dbo.Vacancies'; column does not allow nulls. INSERT fails.
The statement has been terminated.</Message>
          <StackTrace>    at System.Data.SqlClient.SqlConnection.OnError(SqlException exception, Boolean breakConnection)
   at System.Data.SqlClient.SqlInternalConnection.OnError(SqlException exception, Boolean breakConnection)
   at System.Data.SqlClient.TdsParser.ThrowExceptionAndWarning()
   at System.Data.SqlClient.TdsParser.Run(RunBehavior runBehavior, SqlCommand cmdHandler, SqlDataReader dataStream, BulkCopySimpleResultSet bulkCopyHandler, TdsParserStateObject stateObj)
   at System.Data.SqlClient.SqlDataReader.ConsumeMetaData()
   at System.Data.SqlClient.SqlDataReader.get_MetaData()
   at System.Data.SqlClient.SqlCommand.FinishExecuteReader(SqlDataReader ds, RunBehavior runBehavior, String resetOptionsString)
   at System.Data.SqlClient.SqlCommand.RunExecuteReaderTds(CommandBehavior cmdBehavior, RunBehavior runBehavior, Boolean returnStream, Boolean async)
   at System.Data.SqlClient.SqlCommand.RunExecuteReader(CommandBehavior cmdBehavior, RunBehavior runBehavior, Boolean returnStream, String method, DbAsyncResult result)
   at System.Data.SqlClient.SqlCommand.RunExecuteReader(CommandBehavior cmdBehavior, RunBehavior runBehavior, Boolean returnStream, String method)
   at System.Data.SqlClient.SqlCommand.ExecuteReader(CommandBehavior behavior, String method)
   at System.Data.SqlClient.SqlCommand.ExecuteDbDataReader(CommandBehavior behavior)
   at System.Data.Common.DbCommand.ExecuteReader()
   at System.Data.Linq.SqlClient.SqlProvider.Execute(Expression query, QueryInfo queryInfo, IObjectReaderFactory factory, Object[] parentArgs, Object[] userArgs, ICompiledSubQuery[] subQueries, Object lastResult)
   at System.Data.Linq.SqlClient.SqlProvider.ExecuteAll(Expression query, QueryInfo[] queryInfos, IObjectReaderFactory factory, Object[] userArguments, ICompiledSubQuery[] subQueries)
   at System.Data.Linq.SqlClient.SqlProvider.System.Data.Linq.Provider.IProvider.Execute(Expression query)
   at System.Data.Linq.ChangeDirector.StandardChangeDirector.DynamicInsert(TrackedObject item)
   at System.Data.Linq.ChangeDirector.StandardChangeDirector.Insert(TrackedObject item)
   at System.Data.Linq.ChangeProcessor.SubmitChanges(ConflictMode failureMode)
   at System.Data.Linq.DataContext.SubmitChanges(ConflictMode failureMode)
   at System.Data.Linq.DataContext.SubmitChanges()
   at Logic.DAL.CompanyManager.CreateVacancy(Vacancy vc) in C:\Users\pro_\Desktop\JobPortal\Logic\DAL\CompanyManager.cs:line 41
   at Tests.CompanyManagerTests.CreateVacancyTest() in C:\Users\pro_\Desktop\JobPortal\Tests\CompanyManagerTests.cs:line 26
</StackTrace>
        </ErrorInfo>
      </Output>
    </UnitTestResult>
  </Results>
</TestRun>