<?xml version="1.0" encoding="UTF-8"?>
<TestRun id="7abbe529-db92-400d-a715-f33dc39a98bf" name="pro_@PRO 2010-09-27 08:41:28" runUser="pro\pro_" xmlns="http://microsoft.com/schemas/VisualStudio/TeamTest/2010">
  <TestSettings name="Local" id="cdfb2c4f-e331-42cf-9420-dc0558696af6">
    <Description>These are default test settings for a local test run.</Description>
    <Deployment enabled="false" runDeploymentRoot="pro__PRO 2010-09-27 08_41_28">
      <DeploymentItem filename="C:\Users\pro_\Desktop\JobPortal\Logic\bin\Debug\Logic.dll" />
    </Deployment>
    <Execution>
      <TestTypeSpecific />
      <AgentRule name="Execution Agents">
      </AgentRule>
    </Execution>
  </TestSettings>
  <Times creation="2010-09-27T08:41:28.8403026+03:00" queuing="2010-09-27T08:41:32.6495205+03:00" start="2010-09-27T08:41:32.8065294+03:00" finish="2010-09-27T08:41:36.7957576+03:00" />
  <ResultSummary outcome="Failed">
    <Counters total="6" executed="5" passed="3" error="0" failed="2" timeout="0" aborted="0" inconclusive="0" passedButRunAborted="0" notRunnable="1" notExecuted="0" disconnected="0" warning="0" completed="0" inProgress="0" pending="0" />
  </ResultSummary>
  <TestDefinitions>
    <UnitTest name="CreateCompanyTest" storage="c:\users\pro_\desktop\jobportal\tests\bin\debug\tests.dll" id="d9a4d60e-041a-487e-1772-3a03a9248a3a">
      <Execution id="c9f8d03c-3cfb-47ec-a81b-5231fdf844d3" />
      <TestMethod codeBase="C:/Users/pro_/Desktop/JobPortal/Tests/bin/Debug/Tests.DLL" adapterTypeName="Microsoft.VisualStudio.TestTools.TestTypes.Unit.UnitTestAdapter, Microsoft.VisualStudio.QualityTools.Tips.UnitTest.Adapter, Version=10.0.0.0, Culture=neutral, PublicKeyToken=b03f5f7f11d50a3a" className="Tests.CompanyManagerTests, Tests, Version=1.0.0.0, Culture=neutral, PublicKeyToken=null" name="CreateCompanyTest" />
    </UnitTest>
    <UnitTest name="GetCompaniesTest" storage="c:\users\pro_\desktop\jobportal\tests\bin\debug\tests.dll" id="0f3b4bf9-6562-b248-ed29-f506a1a85e4c">
      <Execution id="5fb9d9cb-d74e-471c-b6fb-a73dca63c1fe" />
      <TestMethod codeBase="C:/Users/pro_/Desktop/JobPortal/Tests/bin/Debug/Tests.DLL" adapterTypeName="Microsoft.VisualStudio.TestTools.TestTypes.Unit.UnitTestAdapter, Microsoft.VisualStudio.QualityTools.Tips.UnitTest.Adapter, Version=10.0.0.0, Culture=neutral, PublicKeyToken=b03f5f7f11d50a3a" className="Tests.CompanyManagerTests, Tests, Version=1.0.0.0, Culture=neutral, PublicKeyToken=null" name="GetCompaniesTest" />
    </UnitTest>
    <UnitTest name="CreateVacancyTest" storage="c:\users\pro_\desktop\jobportal\tests\bin\debug\tests.dll" id="2775a6ff-e8b5-4fa1-6481-3cd277ef4c53">
      <Execution id="94d0aa9e-7457-4a00-a8f7-2fa6e49bae24" />
      <TestMethod codeBase="C:/Users/pro_/Desktop/JobPortal/Tests/bin/Debug/Tests.DLL" adapterTypeName="Microsoft.VisualStudio.TestTools.TestTypes.Unit.UnitTestAdapter, Microsoft.VisualStudio.QualityTools.Tips.UnitTest.Adapter, Version=10.0.0.0, Culture=neutral, PublicKeyToken=b03f5f7f11d50a3a" className="Tests.CompanyManagerTests, Tests, Version=1.0.0.0, Culture=neutral, PublicKeyToken=null" name="CreateVacancyTest" />
    </UnitTest>
    <UnitTest name="CreateVacancyEditTest" storage="c:\users\pro_\desktop\jobportal\tests\bin\debug\tests.dll" id="6e62afdc-280b-d45f-7fa8-ab8312046754">
      <Execution id="e75219c2-4840-45a9-a6f4-ee32bcb34ed7" />
      <TestMethod codeBase="C:/Users/pro_/Desktop/JobPortal/Tests/bin/Debug/Tests.DLL" adapterTypeName="Microsoft.VisualStudio.TestTools.TestTypes.Unit.UnitTestAdapter, Microsoft.VisualStudio.QualityTools.Tips.UnitTest.Adapter, Version=10.0.0.0, Culture=neutral, PublicKeyToken=b03f5f7f11d50a3a" className="Tests.CompanyManagerTests, Tests, Version=1.0.0.0, Culture=neutral, PublicKeyToken=null" name="CreateVacancyEditTest" />
    </UnitTest>
    <UnitTest name="DeleteVacancyTest" storage="c:\users\pro_\desktop\jobportal\tests\bin\debug\tests.dll" id="af809567-5bd7-f265-fe53-5308b5410e4c">
      <Execution id="0948dee8-07bf-4d8e-84d0-b9739b010234" />
      <TestMethod codeBase="C:/Users/pro_/Desktop/JobPortal/Tests/bin/Debug/Tests.DLL" adapterTypeName="Microsoft.VisualStudio.TestTools.TestTypes.Unit.UnitTestAdapter, Microsoft.VisualStudio.QualityTools.Tips.UnitTest.Adapter, Version=10.0.0.0, Culture=neutral, PublicKeyToken=b03f5f7f11d50a3a" className="Tests.CompanyManagerTests, Tests, Version=1.0.0.0, Culture=neutral, PublicKeyToken=null" name="DeleteVacancyTest" />
    </UnitTest>
    <UnitTest name="CanCreateCompanyManagerTest" storage="c:\users\pro_\desktop\jobportal\tests\bin\debug\tests.dll" id="5fc830a2-71bb-887a-cc87-9b91ebbfb60a">
      <Execution id="f15b91ed-b0a1-437a-a284-ea1843c27b93" />
      <TestMethod codeBase="C:/Users/pro_/Desktop/JobPortal/Tests/bin/Debug/Tests.DLL" adapterTypeName="Microsoft.VisualStudio.TestTools.TestTypes.Unit.UnitTestAdapter, Microsoft.VisualStudio.QualityTools.Tips.UnitTest.Adapter, Version=10.0.0.0, Culture=neutral, PublicKeyToken=b03f5f7f11d50a3a" className="Tests.CompanyManagerTests, Tests, Version=1.0.0.0, Culture=neutral, PublicKeyToken=null" name="CanCreateCompanyManagerTest" />
    </UnitTest>
  </TestDefinitions>
  <TestLists>
    <TestList name="Results Not in a List" id="8c84fa94-04c1-424b-9868-57a2d4851a1d" />
    <TestList name="All Loaded Results" id="19431567-8539-422a-85d7-44ee4e166bda" />
  </TestLists>
  <TestEntries>
    <TestEntry testId="0f3b4bf9-6562-b248-ed29-f506a1a85e4c" executionId="5fb9d9cb-d74e-471c-b6fb-a73dca63c1fe" testListId="8c84fa94-04c1-424b-9868-57a2d4851a1d" />
    <TestEntry testId="2775a6ff-e8b5-4fa1-6481-3cd277ef4c53" executionId="94d0aa9e-7457-4a00-a8f7-2fa6e49bae24" testListId="8c84fa94-04c1-424b-9868-57a2d4851a1d" />
    <TestEntry testId="5fc830a2-71bb-887a-cc87-9b91ebbfb60a" executionId="f15b91ed-b0a1-437a-a284-ea1843c27b93" testListId="8c84fa94-04c1-424b-9868-57a2d4851a1d" />
    <TestEntry testId="6e62afdc-280b-d45f-7fa8-ab8312046754" executionId="e75219c2-4840-45a9-a6f4-ee32bcb34ed7" testListId="8c84fa94-04c1-424b-9868-57a2d4851a1d" />
    <TestEntry testId="af809567-5bd7-f265-fe53-5308b5410e4c" executionId="0948dee8-07bf-4d8e-84d0-b9739b010234" testListId="8c84fa94-04c1-424b-9868-57a2d4851a1d" />
    <TestEntry testId="d9a4d60e-041a-487e-1772-3a03a9248a3a" executionId="c9f8d03c-3cfb-47ec-a81b-5231fdf844d3" testListId="8c84fa94-04c1-424b-9868-57a2d4851a1d" />
  </TestEntries>
  <Results>
    <UnitTestResult executionId="5fb9d9cb-d74e-471c-b6fb-a73dca63c1fe" testId="0f3b4bf9-6562-b248-ed29-f506a1a85e4c" testName="GetCompaniesTest" computerName="PRO" duration="00:00:01.4817920" startTime="2010-09-27T08:41:32.8745333+03:00" endTime="2010-09-27T08:41:34.9756535+03:00" testType="13cdc9d9-ddb5-4fa4-a97d-d965ccfc6d4b" outcome="Passed" testListId="8c84fa94-04c1-424b-9868-57a2d4851a1d" relativeResultsDirectory="5fb9d9cb-d74e-471c-b6fb-a73dca63c1fe">
    </UnitTestResult>
    <UnitTestResult executionId="94d0aa9e-7457-4a00-a8f7-2fa6e49bae24" testId="2775a6ff-e8b5-4fa1-6481-3cd277ef4c53" testName="CreateVacancyTest" computerName="PRO" duration="00:00:01.3376263" startTime="2010-09-27T08:41:34.9876542+03:00" endTime="2010-09-27T08:41:36.3427317+03:00" testType="13cdc9d9-ddb5-4fa4-a97d-d965ccfc6d4b" outcome="Failed" testListId="8c84fa94-04c1-424b-9868-57a2d4851a1d" relativeResultsDirectory="94d0aa9e-7457-4a00-a8f7-2fa6e49bae24">
      <Output>
        <ErrorInfo>
          <Message>Test method Tests.CompanyManagerTests.CreateVacancyTest threw exception: 
System.Data.SqlClient.SqlException: Violation of PRIMARY KEY constraint 'PK_Companies'. Cannot insert duplicate key in object 'dbo.Companies'.
The statement has been terminated.</Message>
          <StackTrace>    at System.Data.SqlClient.SqlConnection.OnError(SqlException exception, Boolean breakConnection)
   at System.Data.SqlClient.SqlInternalConnection.OnError(SqlException exception, Boolean breakConnection)
   at System.Data.SqlClient.TdsParser.ThrowExceptionAndWarning()
   at System.Data.SqlClient.TdsParser.Run(RunBehavior runBehavior, SqlCommand cmdHandler, SqlDataReader dataStream, BulkCopySimpleResultSet bulkCopyHandler, TdsParserStateObject stateObj)
   at System.Data.SqlClient.SqlCommand.FinishExecuteReader(SqlDataReader ds, RunBehavior runBehavior, String resetOptionsString)
   at System.Data.SqlClient.SqlCommand.RunExecuteReaderTds(CommandBehavior cmdBehavior, RunBehavior runBehavior, Boolean returnStream, Boolean async)
   at System.Data.SqlClient.SqlCommand.RunExecuteReader(CommandBehavior cmdBehavior, RunBehavior runBehavior, Boolean returnStream, String method, DbAsyncResult result)
   at System.Data.SqlClient.SqlCommand.InternalExecuteNonQuery(DbAsyncResult result, String methodName, Boolean sendToPipe)
   at System.Data.SqlClient.SqlCommand.ExecuteNonQuery()
   at System.Data.Linq.SqlClient.SqlProvider.Execute(Expression query, QueryInfo queryInfo, IObjectReaderFactory factory, Object[] parentArgs, Object[] userArgs, ICompiledSubQuery[] subQueries, Object lastResult)
   at System.Data.Linq.SqlClient.SqlProvider.ExecuteAll(Expression query, QueryInfo[] queryInfos, IObjectReaderFactory factory, Object[] userArguments, ICompiledSubQuery[] subQueries)
   at System.Data.Linq.SqlClient.SqlProvider.System.Data.Linq.Provider.IProvider.Execute(Expression query)
   at System.Data.Linq.ChangeDirector.StandardChangeDirector.DynamicInsert(TrackedObject item)
   at System.Data.Linq.ChangeDirector.StandardChangeDirector.Insert(TrackedObject item)
   at System.Data.Linq.ChangeProcessor.SubmitChanges(ConflictMode failureMode)
   at System.Data.Linq.DataContext.SubmitChanges(ConflictMode failureMode)
   at System.Data.Linq.DataContext.SubmitChanges()
   at Logic.DAL.CompanyManager.CreateVacancy(Vacancy vc, Company company) in C:\Users\pro_\Desktop\JobPortal\Logic\DAL\CompanyManager.cs:line 42
   at Tests.CompanyManagerTests.CreateVacancyTest() in C:\Users\pro_\Desktop\JobPortal\Tests\CompanyManagerTests.cs:line 28
</StackTrace>
        </ErrorInfo>
      </Output>
    </UnitTestResult>
    <UnitTestResult executionId="f15b91ed-b0a1-437a-a284-ea1843c27b93" testId="5fc830a2-71bb-887a-cc87-9b91ebbfb60a" testName="CanCreateCompanyManagerTest" computerName="PRO" duration="00:00:00.0002525" startTime="2010-09-27T08:41:36.3517322+03:00" endTime="2010-09-27T08:41:36.3747335+03:00" testType="13cdc9d9-ddb5-4fa4-a97d-d965ccfc6d4b" outcome="Passed" testListId="8c84fa94-04c1-424b-9868-57a2d4851a1d" relativeResultsDirectory="f15b91ed-b0a1-437a-a284-ea1843c27b93">
    </UnitTestResult>
    <UnitTestResult executionId="e75219c2-4840-45a9-a6f4-ee32bcb34ed7" testId="6e62afdc-280b-d45f-7fa8-ab8312046754" testName="CreateVacancyEditTest" computerName="PRO" duration="00:00:00.3597471" startTime="2010-09-27T08:41:36.3787338+03:00" endTime="2010-09-27T08:41:36.7447547+03:00" testType="13cdc9d9-ddb5-4fa4-a97d-d965ccfc6d4b" outcome="Passed" testListId="8c84fa94-04c1-424b-9868-57a2d4851a1d" relativeResultsDirectory="e75219c2-4840-45a9-a6f4-ee32bcb34ed7">
    </UnitTestResult>
    <UnitTestResult executionId="0948dee8-07bf-4d8e-84d0-b9739b010234" testId="af809567-5bd7-f265-fe53-5308b5410e4c" testName="DeleteVacancyTest" computerName="PRO" testType="13cdc9d9-ddb5-4fa4-a97d-d965ccfc6d4b" outcome="NotRunnable" testListId="8c84fa94-04c1-424b-9868-57a2d4851a1d" relativeResultsDirectory="0948dee8-07bf-4d8e-84d0-b9739b010234">
      <Output>
        <ErrorInfo>
          <Message>UTA007: Method DeleteVacancyTest defined in class Tests.CompanyManagerTests does not have correct signature. Test method marked with the [TestMethod] attribute must be non-static, public, does not return a value and should not take any parameter. for example: public void Test.Class1.Test().</Message>
        </ErrorInfo>
      </Output>
    </UnitTestResult>
    <UnitTestResult executionId="c9f8d03c-3cfb-47ec-a81b-5231fdf844d3" testId="d9a4d60e-041a-487e-1772-3a03a9248a3a" testName="CreateCompanyTest" computerName="PRO" duration="00:00:00.0110252" startTime="2010-09-27T08:41:36.7517551+03:00" endTime="2010-09-27T08:41:36.7677560+03:00" testType="13cdc9d9-ddb5-4fa4-a97d-d965ccfc6d4b" outcome="Failed" testListId="8c84fa94-04c1-424b-9868-57a2d4851a1d" relativeResultsDirectory="c9f8d03c-3cfb-47ec-a81b-5231fdf844d3">
      <Output>
        <ErrorInfo>
          <Message>Test method Tests.CompanyManagerTests.CreateCompanyTest threw exception: 
System.Data.SqlClient.SqlException: Violation of PRIMARY KEY constraint 'PK_Companies'. Cannot insert duplicate key in object 'dbo.Companies'.
The statement has been terminated.</Message>
          <StackTrace>    at System.Data.SqlClient.SqlConnection.OnError(SqlException exception, Boolean breakConnection)
   at System.Data.SqlClient.SqlInternalConnection.OnError(SqlException exception, Boolean breakConnection)
   at System.Data.SqlClient.TdsParser.ThrowExceptionAndWarning()
   at System.Data.SqlClient.TdsParser.Run(RunBehavior runBehavior, SqlCommand cmdHandler, SqlDataReader dataStream, BulkCopySimpleResultSet bulkCopyHandler, TdsParserStateObject stateObj)
   at System.Data.SqlClient.SqlCommand.FinishExecuteReader(SqlDataReader ds, RunBehavior runBehavior, String resetOptionsString)
   at System.Data.SqlClient.SqlCommand.RunExecuteReaderTds(CommandBehavior cmdBehavior, RunBehavior runBehavior, Boolean returnStream, Boolean async)
   at System.Data.SqlClient.SqlCommand.RunExecuteReader(CommandBehavior cmdBehavior, RunBehavior runBehavior, Boolean returnStream, String method, DbAsyncResult result)
   at System.Data.SqlClient.SqlCommand.InternalExecuteNonQuery(DbAsyncResult result, String methodName, Boolean sendToPipe)
   at System.Data.SqlClient.SqlCommand.ExecuteNonQuery()
   at System.Data.Linq.SqlClient.SqlProvider.Execute(Expression query, QueryInfo queryInfo, IObjectReaderFactory factory, Object[] parentArgs, Object[] userArgs, ICompiledSubQuery[] subQueries, Object lastResult)
   at System.Data.Linq.SqlClient.SqlProvider.ExecuteAll(Expression query, QueryInfo[] queryInfos, IObjectReaderFactory factory, Object[] userArguments, ICompiledSubQuery[] subQueries)
   at System.Data.Linq.SqlClient.SqlProvider.System.Data.Linq.Provider.IProvider.Execute(Expression query)
   at System.Data.Linq.ChangeDirector.StandardChangeDirector.DynamicInsert(TrackedObject item)
   at System.Data.Linq.ChangeDirector.StandardChangeDirector.Insert(TrackedObject item)
   at System.Data.Linq.ChangeProcessor.SubmitChanges(ConflictMode failureMode)
   at System.Data.Linq.DataContext.SubmitChanges(ConflictMode failureMode)
   at System.Data.Linq.DataContext.SubmitChanges()
   at Logic.DAL.CompanyManager.CreateCompany(Company company) in C:\Users\pro_\Desktop\JobPortal\Logic\DAL\CompanyManager.cs:line 25
   at Tests.CompanyManagerTests.CreateCompanyTest() in C:\Users\pro_\Desktop\JobPortal\Tests\CompanyManagerTests.cs:line 82
</StackTrace>
        </ErrorInfo>
      </Output>
    </UnitTestResult>
  </Results>
</TestRun>